







adobe 




















radon 














eager 






alter later 












loyal 

float 











bream 
blame 

media 






maple 



angle glean 
range 

rangy 




















groan organ 
gator groat 
auger 

raise 




sonar 







stare 


tacit 




laura 
curia 















gable 




basal 
nabla 









* basis bassi 


beast 






beady 



bread debar 










being binge 







bowel elbow 
































table 























broad 






























rabid 

break 




























throb 


burnt 
shrub 
buret rebut 

debug 

bulge 
































cedar 










ocean 

scant 


carte cater crate trace 

crane 
cobra 
coral 


crave 




sauce 





china 






march 



peach 
teach 



retch 





fiche 





niche 
















cried 

iliac 


evict 







scalp 

lance 

eclat 














could 























crony 































decor 


* creep crepe 




















lucre ulcer 





scent 














diary 




trade tread 



delta 










freed 


edify 

diety 



















dying 

ridge 











rondo 





rowdy wordy 


nadir 



padre 




























study 






hater heart 
lease 







greet 



























pique 






steer terse 

there three 

those 





veery 



latex 
























































frail 









shelf 

rifle 































froth 













refer 


























magma 















green 







right 



slang 
lager large regal 






































great 
























wrong 


















* gusty gutsy 









hydra 












































shore 
































paint 
runic 


inter 








stein 

urine 









































naked 

























sepal 








talus 






petal plate pleat 
renal 

shale 
slate stale steal 








melon monel 
repel 


revel 





































































smear 




















mitre remit 































moral 

nomad 












totem 



































tansy 



venal 


* nerve never 




thing 









thorn 
























stone 



topic 







tough 















splay 


penal plane 









spare spear 



septa spate 


taper 








plead 



snipe spine 







steep 


tripe 



shape 












point 













psalm 















posey 




spoil 





























spore 















sprue super 



















quite 




























velar 



















rinse risen siren 


























rouge 



torso 



















satin stain 




slave 






stray 
















sonic 

























snore 







sever verse 

upset 















shear 









these 

















sooth 


south 










slide 






styli 

swine 







stake steak 










snail 








steel 




smile 


spool 





















sneak 










spoon 








































split 















strop 
































taste 




































swart 




trust 






























waste 














worse 













tonal 












treat 







































worth 

















today 


















wrote 






trial 




















tutor 
























































































wolve 







































withe 



























































